<?xml version="1.0" encoding="UTF-8"?>
<robot generator="Robot 4.1.1 (Python 3.9.7 on win32)" generated="20211018 23:46:08.959" rpa="false" schemaversion="2">
<suite id="s1" name="Login Forms" source="C:\Users\Theo IT\OneDrive\Área de Trabalho\SkillsLibrary\QA\qaninjarobotpythonselenium\python_selenium_and_robot\10pageobjects\tests\login_forms.robot">
<test id="s1-t1" name="Login com Sucesso">
<kw name="New Session" library="base" type="SETUP">
<kw name="Open Browser" library="SeleniumLibrary">
<arg>${url}</arg>
<arg>chrome</arg>
<doc>Opens a new browser instance to the optional ``url``.</doc>
<msg timestamp="20211018 23:46:09.235" level="INFO">Opening browser 'chrome' to base url 'http://training-wheels-protocol.herokuapp.com'.</msg>
<status status="PASS" starttime="20211018 23:46:09.234" endtime="20211018 23:46:12.697"/>
</kw>
<status status="PASS" starttime="20211018 23:46:09.234" endtime="20211018 23:46:12.697"/>
</kw>
<kw name="Go To" library="SeleniumLibrary">
<arg>${url}/login</arg>
<doc>Navigates the current browser window to the provided ``url``.</doc>
<msg timestamp="20211018 23:46:12.698" level="INFO">Opening url 'http://training-wheels-protocol.herokuapp.com/login'</msg>
<status status="PASS" starttime="20211018 23:46:12.698" endtime="20211018 23:46:13.133"/>
</kw>
<kw name="Input Text" library="SeleniumLibrary">
<arg>css:input[name=username]</arg>
<arg>stark</arg>
<doc>Types the given ``text`` into the text field identified by ``locator``.</doc>
<msg timestamp="20211018 23:46:13.134" level="INFO">Typing text 'stark' into text field 'css:input[name=username]'.</msg>
<status status="PASS" starttime="20211018 23:46:13.134" endtime="20211018 23:46:13.206"/>
</kw>
<kw name="Input Text" library="SeleniumLibrary">
<arg>css:input[name=password]</arg>
<arg>jarvis!</arg>
<doc>Types the given ``text`` into the text field identified by ``locator``.</doc>
<msg timestamp="20211018 23:46:13.209" level="INFO">Typing text 'jarvis!' into text field 'css:input[name=password]'.</msg>
<status status="PASS" starttime="20211018 23:46:13.207" endtime="20211018 23:46:13.283"/>
</kw>
<kw name="Click Element" library="SeleniumLibrary">
<arg>class:btn-login</arg>
<doc>Click the element identified by ``locator``.</doc>
<msg timestamp="20211018 23:46:13.284" level="INFO">Clicking element 'class:btn-login'.</msg>
<status status="PASS" starttime="20211018 23:46:13.284" endtime="20211018 23:46:13.734"/>
</kw>
<kw name="Page Should Contain" library="SeleniumLibrary">
<arg>Olá, Tony Stark. Você acessou a área logada!</arg>
<doc>Verifies that current page contains ``text``.</doc>
<msg timestamp="20211018 23:46:13.747" level="INFO">Current page contains text 'Olá, Tony Stark. Você acessou a área logada!'.</msg>
<status status="PASS" starttime="20211018 23:46:13.735" endtime="20211018 23:46:13.747"/>
</kw>
<kw name="End Session" library="base" type="TEARDOWN">
<kw name="Capture Page Screenshot" library="SeleniumLibrary">
<doc>Takes a screenshot of the current page and embeds it into a log file.</doc>
<msg timestamp="20211018 23:46:13.891" level="INFO" html="true">&lt;/td&gt;&lt;/tr&gt;&lt;tr&gt;&lt;td colspan="3"&gt;&lt;a href="selenium-screenshot-1.png"&gt;&lt;img src="selenium-screenshot-1.png" width="800px"&gt;&lt;/a&gt;</msg>
<status status="PASS" starttime="20211018 23:46:13.748" endtime="20211018 23:46:13.891"/>
</kw>
<kw name="Close Browser" library="SeleniumLibrary">
<doc>Closes the current browser.</doc>
<status status="PASS" starttime="20211018 23:46:13.891" endtime="20211018 23:46:16.049"/>
</kw>
<status status="PASS" starttime="20211018 23:46:13.748" endtime="20211018 23:46:16.049"/>
</kw>
<status status="PASS" starttime="20211018 23:46:09.228" endtime="20211018 23:46:16.049"/>
</test>
<test id="s1-t2" name="Senha Inválida">
<kw name="New Session" library="base" type="SETUP">
<kw name="Open Browser" library="SeleniumLibrary">
<arg>${url}</arg>
<arg>chrome</arg>
<doc>Opens a new browser instance to the optional ``url``.</doc>
<msg timestamp="20211018 23:46:16.059" level="INFO">Opening browser 'chrome' to base url 'http://training-wheels-protocol.herokuapp.com'.</msg>
<status status="PASS" starttime="20211018 23:46:16.059" endtime="20211018 23:46:19.391"/>
</kw>
<status status="PASS" starttime="20211018 23:46:16.058" endtime="20211018 23:46:19.391"/>
</kw>
<kw name="Go To" library="SeleniumLibrary">
<arg>${url}/login</arg>
<doc>Navigates the current browser window to the provided ``url``.</doc>
<msg timestamp="20211018 23:46:19.392" level="INFO">Opening url 'http://training-wheels-protocol.herokuapp.com/login'</msg>
<status status="PASS" starttime="20211018 23:46:19.392" endtime="20211018 23:46:19.813"/>
</kw>
<kw name="Input Text" library="SeleniumLibrary">
<arg>css:input[name=username]</arg>
<arg>stark</arg>
<doc>Types the given ``text`` into the text field identified by ``locator``.</doc>
<msg timestamp="20211018 23:46:19.814" level="INFO">Typing text 'stark' into text field 'css:input[name=username]'.</msg>
<status status="PASS" starttime="20211018 23:46:19.814" endtime="20211018 23:46:19.885"/>
</kw>
<kw name="Input Text" library="SeleniumLibrary">
<arg>css:input[name=password]</arg>
<arg>0123</arg>
<doc>Types the given ``text`` into the text field identified by ``locator``.</doc>
<msg timestamp="20211018 23:46:19.886" level="INFO">Typing text '0123' into text field 'css:input[name=password]'.</msg>
<status status="PASS" starttime="20211018 23:46:19.886" endtime="20211018 23:46:19.957"/>
</kw>
<kw name="Click Element" library="SeleniumLibrary">
<arg>class:btn-login</arg>
<doc>Click the element identified by ``locator``.</doc>
<msg timestamp="20211018 23:46:19.958" level="INFO">Clicking element 'class:btn-login'.</msg>
<status status="PASS" starttime="20211018 23:46:19.957" endtime="20211018 23:46:20.394"/>
</kw>
<kw name="Get WebElement" library="SeleniumLibrary">
<var>${message}</var>
<arg>id:flash</arg>
<doc>Returns the first WebElement matching the given ``locator``.</doc>
<msg timestamp="20211018 23:46:20.405" level="INFO">${message} = &lt;selenium.webdriver.remote.webelement.WebElement (session="680541647773484b73b5abe596953e89", element="fdd3a95b-d3ca-46e4-aea0-a35d93089865")&gt;</msg>
<status status="PASS" starttime="20211018 23:46:20.394" endtime="20211018 23:46:20.405"/>
</kw>
<kw name="Should Contain" library="BuiltIn">
<arg>${message.text}</arg>
<arg>Senha é invalida!</arg>
<doc>Fails if ``container`` does not contain ``item`` one or more times.</doc>
<status status="PASS" starttime="20211018 23:46:20.406" endtime="20211018 23:46:20.418"/>
</kw>
<kw name="End Session" library="base" type="TEARDOWN">
<kw name="Capture Page Screenshot" library="SeleniumLibrary">
<doc>Takes a screenshot of the current page and embeds it into a log file.</doc>
<msg timestamp="20211018 23:46:20.568" level="INFO" html="true">&lt;/td&gt;&lt;/tr&gt;&lt;tr&gt;&lt;td colspan="3"&gt;&lt;a href="selenium-screenshot-2.png"&gt;&lt;img src="selenium-screenshot-2.png" width="800px"&gt;&lt;/a&gt;</msg>
<status status="PASS" starttime="20211018 23:46:20.419" endtime="20211018 23:46:20.568"/>
</kw>
<kw name="Close Browser" library="SeleniumLibrary">
<doc>Closes the current browser.</doc>
<status status="PASS" starttime="20211018 23:46:20.568" endtime="20211018 23:46:22.707"/>
</kw>
<status status="PASS" starttime="20211018 23:46:20.419" endtime="20211018 23:46:22.708"/>
</kw>
<tag>password_error</tag>
<status status="PASS" starttime="20211018 23:46:16.056" endtime="20211018 23:46:22.708"/>
</test>
<test id="s1-t3" name="Usuário Não existe">
<kw name="New Session" library="base" type="SETUP">
<kw name="Open Browser" library="SeleniumLibrary">
<arg>${url}</arg>
<arg>chrome</arg>
<doc>Opens a new browser instance to the optional ``url``.</doc>
<msg timestamp="20211018 23:46:22.711" level="INFO">Opening browser 'chrome' to base url 'http://training-wheels-protocol.herokuapp.com'.</msg>
<status status="PASS" starttime="20211018 23:46:22.711" endtime="20211018 23:46:25.748"/>
</kw>
<status status="PASS" starttime="20211018 23:46:22.711" endtime="20211018 23:46:25.748"/>
</kw>
<kw name="Go To" library="SeleniumLibrary">
<arg>${url}/login</arg>
<doc>Navigates the current browser window to the provided ``url``.</doc>
<msg timestamp="20211018 23:46:25.749" level="INFO">Opening url 'http://training-wheels-protocol.herokuapp.com/login'</msg>
<status status="PASS" starttime="20211018 23:46:25.749" endtime="20211018 23:46:26.182"/>
</kw>
<kw name="Input Text" library="SeleniumLibrary">
<arg>css:input[name=username]</arg>
<arg>theo</arg>
<doc>Types the given ``text`` into the text field identified by ``locator``.</doc>
<msg timestamp="20211018 23:46:26.183" level="INFO">Typing text 'theo' into text field 'css:input[name=username]'.</msg>
<status status="PASS" starttime="20211018 23:46:26.183" endtime="20211018 23:46:26.253"/>
</kw>
<kw name="Input Text" library="SeleniumLibrary">
<arg>css:input[name=password]</arg>
<arg>jarvis!</arg>
<doc>Types the given ``text`` into the text field identified by ``locator``.</doc>
<msg timestamp="20211018 23:46:26.254" level="INFO">Typing text 'jarvis!' into text field 'css:input[name=password]'.</msg>
<status status="PASS" starttime="20211018 23:46:26.253" endtime="20211018 23:46:26.330"/>
</kw>
<kw name="Click Element" library="SeleniumLibrary">
<arg>class:btn-login</arg>
<doc>Click the element identified by ``locator``.</doc>
<msg timestamp="20211018 23:46:26.330" level="INFO">Clicking element 'class:btn-login'.</msg>
<status status="PASS" starttime="20211018 23:46:26.330" endtime="20211018 23:46:26.788"/>
</kw>
<kw name="Get WebElement" library="SeleniumLibrary">
<var>${message}</var>
<arg>id:flash</arg>
<doc>Returns the first WebElement matching the given ``locator``.</doc>
<msg timestamp="20211018 23:46:26.799" level="INFO">${message} = &lt;selenium.webdriver.remote.webelement.WebElement (session="9a2df33c95f04a45f0ad0df3d36835f1", element="d76d4abe-2b45-4f23-b819-457d607ca2af")&gt;</msg>
<status status="PASS" starttime="20211018 23:46:26.788" endtime="20211018 23:46:26.799"/>
</kw>
<kw name="Should Contain" library="BuiltIn">
<arg>${message.text}</arg>
<arg>O usuário informado não está cadastrado!</arg>
<doc>Fails if ``container`` does not contain ``item`` one or more times.</doc>
<status status="PASS" starttime="20211018 23:46:26.800" endtime="20211018 23:46:26.812"/>
</kw>
<kw name="End Session" library="base" type="TEARDOWN">
<kw name="Capture Page Screenshot" library="SeleniumLibrary">
<doc>Takes a screenshot of the current page and embeds it into a log file.</doc>
<msg timestamp="20211018 23:46:26.978" level="INFO" html="true">&lt;/td&gt;&lt;/tr&gt;&lt;tr&gt;&lt;td colspan="3"&gt;&lt;a href="selenium-screenshot-3.png"&gt;&lt;img src="selenium-screenshot-3.png" width="800px"&gt;&lt;/a&gt;</msg>
<status status="PASS" starttime="20211018 23:46:26.813" endtime="20211018 23:46:26.978"/>
</kw>
<kw name="Close Browser" library="SeleniumLibrary">
<doc>Closes the current browser.</doc>
<status status="PASS" starttime="20211018 23:46:26.978" endtime="20211018 23:46:29.098"/>
</kw>
<status status="PASS" starttime="20211018 23:46:26.813" endtime="20211018 23:46:29.098"/>
</kw>
<tag>user_error</tag>
<status status="PASS" starttime="20211018 23:46:22.710" endtime="20211018 23:46:29.098"/>
</test>
<status status="PASS" starttime="20211018 23:46:08.959" endtime="20211018 23:46:29.102"/>
</suite>
<statistics>
<total>
<stat pass="3" fail="0" skip="0">All Tests</stat>
</total>
<tag>
<stat pass="1" fail="0" skip="0">password_error</stat>
<stat pass="1" fail="0" skip="0">user_error</stat>
</tag>
<suite>
<stat pass="3" fail="0" skip="0" id="s1" name="Login Forms">Login Forms</stat>
</suite>
</statistics>
<errors>
</errors>
</robot>
